7 -31.278600 149.212400
17  # N params
  -0.0007669904 # Alt rate (radians/step)
  -2.0387783095 # Alt zero (radians)
   0.0007669904 # Az rate (radians/step)
   9.3231921366 # Az zero (radians)
  -0.0136572089 # Tilt #1 (radians)
  -0.0170534583 # Tilt #2 (radians)
   0.0006550648 # Non-perpendicularity (radians)
   0.0603970893 # Flexure (cos alt) (radians)
   0.0013239919 # cos az
  -0.0020600318 # sin az
   0.0851591019 # sin alt
   0.0000000000 # cos( 2 * alt)
   0.0000000000 # sin( 2 * alt)
   0.0051045269 # cos( 2 * az)
   0.0016838509 # sin( 2 * az)
   0.0033794079 # Warped tbl 1
   0.0017582798 # Warped tbl 2
#  Xencoder  Yencoder     Altitude   Azimuth      Az resid   Alt resid
  -4091.00   -4096.00      68.557    357.544       -0.012     -0.000
  -7351.00   -3607.00      48.873    210.921       -0.010      0.008
  -7542.00   -4192.00      74.541    200.892        0.024     -0.002
  -4680.00   -3171.00      27.423    329.344        0.004      0.011
 -11273.00   -3360.00      35.238     39.136        0.003     -0.006
  -8801.00   -3331.00      35.112    146.463        0.006     -0.014
  -8943.00   -3913.00      61.036    138.835       -0.012      0.003
RMS errors (degrees):  az 0.012  alt 0.008  total 0.014
